#
# A fatal error has been detected by the Java Runtime Environment:
#
#  SIGSEGV (0xb) at pc=0x0000000000000000, pid=446, tid=0x0000000000012707
#
# JRE version: Java(TM) SE Runtime Environment (8.0_131-b11) (build 1.8.0_131-b11)
# Java VM: Java HotSpot(TM) 64-Bit Server VM (25.131-b11 mixed mode bsd-amd64 compressed oops)
# Problematic frame:
# C  0x0000000000000000
#
# Failed to write core dump. Core dumps have been disabled. To enable core dumping, try "ulimit -c unlimited" before starting Java again
#
# If you would like to submit a bug report, please visit:
#   http://bugreport.java.com/bugreport/crash.jsp
#

---------------  T H R E A D  ---------------

Current thread is native thread

siginfo: si_signo: 11 (SIGSEGV), si_code: 1 (SEGV_MAPERR), si_addr: 0x0000000000000000

Registers:
RAX=0x000000011cb33508, RBX=0x00000000000161b0, RCX=0x0000000000000010, RDX=0xfffffffffffffff0
RSP=0x00007000084909f8, RBP=0x0000700008490aa0, RSI=0x0000000000000000, RDI=0x00007fef2fa78200
R8 =0x0000000000000200, R9 =0x00007fef2e47d020, R10=0x00007fef30376630, R11=0x0000000000001810
R12=0x00007fef2e47d020, R13=0x00007fef2fa78200, R14=0x00007fef2e47b810, R15=0x0000000000000800
RIP=0x0000000000000000, EFLAGS=0x0000000000010246, ERR=0x0000000000000014
  TRAPNO=0x000000000000000e

Top of Stack: (sp=0x00007000084909f8)
0x00007000084909f8:   000000011cb05639 0000000000000000
0x0000700008490a08:   0000000000000000 00007fef2fa803b0
0x0000700008490a18:   000000010573f010 00007fef2fa7e3b0
0x0000700008490a28:   0000020001343a00 0000000000000004
0x0000700008490a38:   0000000000000800 0000700000000200
0x0000700008490a48:   00007fef2fa7c3b0 00007fef2fa78200
0x0000700008490a58:   0000020000000000 fd00000070001000
0x0000700008490a68:   000000010000037f d4775840b6960092
0x0000700008490a78:   00007fef2e689c78 00007fef2e47d020
0x0000700008490a88:   00007fef2e689c00 00007fef2e47b810
0x0000700008490a98:   0000000000000200 0000700008490ab0
0x0000700008490aa8:   000000011cb152ef 0000700008490b30
0x0000700008490ab8:   000000011cb5c560 00007fef2e689f08
0x0000700008490ac8:   00007fef30376400 00007fef2e689c00
0x0000700008490ad8:   0000020000000000 0000700008490c48
0x0000700008490ae8:   00007fef303765f8 0000020000000001
0x0000700008490af8:   0000700008490c30 0000700000000000
0x0000700008490b08:   0000700008490c30 00007fef30376400
0x0000700008490b18:   00007fef2e689e90 00007fef2e5d1320
0x0000700008490b28:   0000000000000200 0000700008490b80
0x0000700008490b38:   000000011cc86ca4 00007fef2e68e7b0
0x0000700008490b48:   0000700008490c48 0000000008490c20
0x0000700008490b58:   00007fef30376400 0000000000000000
0x0000700008490b68:   0000000000001fa0 00007fef2e5d133c
0x0000700008490b78:   00007fef30376400 0000700008490c10
0x0000700008490b88:   000000011cc8637a 00007fef2e5d1320
0x0000700008490b98:   000000011cc86280 00007fef303766e8
0x0000700008490ba8:   0000700008490c30 00007fef30376400
0x0000700008490bb8:   00007fef2e689e90 0000700008490c48
0x0000700008490bc8:   00007fef2e5d1320 00000200303766e8
0x0000700008490bd8:   00009fe000001fa0 d4775840b6960092
0x0000700008490be8:   00007fef2e53b8e0 0000000000000200 

Instructions: (pc=0x0000000000000000)
0xffffffffffffffe0:   

Register to memory mapping:

RAX=0x000000011cb33508: PlaybackBackend+0x20 in /var/folders/wk/rnyjmv31119fs36ppjt4rztnkb2qt6/T/libgdxhomero.figueiredo/f7649394/openal.dylib at 0x000000011caea000
RBX=0x00000000000161b0 is an unknown value
RCX=0x0000000000000010 is an unknown value
RDX=0xfffffffffffffff0 is an unknown value
RSP=0x00007000084909f8 is an unknown value
RBP=0x0000700008490aa0 is an unknown value
RSI=0x0000000000000000 is an unknown value
RDI=0x00007fef2fa78200 is an unknown value
R8 =0x0000000000000200 is an unknown value
R9 =0x00007fef2e47d020 is an unknown value
R10=0x00007fef30376630 is an unknown value
R11=0x0000000000001810 is an unknown value
R12=0x00007fef2e47d020 is an unknown value
R13=0x00007fef2fa78200 is an unknown value
R14=0x00007fef2e47b810 is an unknown value
R15=0x0000000000000800 is an unknown value


Stack: [0x0000700008411000,0x0000700008491000],  sp=0x00007000084909f8,  free space=510k

---------------  P R O C E S S  ---------------

VM state:not at safepoint (normal execution)

VM Mutex/Monitor currently owned by a thread: None

Heap:
 PSYoungGen      total 38400K, used 14837K [0x0000000795580000, 0x0000000798000000, 0x00000007c0000000)
  eden space 33280K, 36% used [0x0000000795580000,0x00000007961347c8,0x0000000797600000)
  from space 5120K, 55% used [0x0000000797600000,0x00000007978c8c88,0x0000000797b00000)
  to   space 5120K, 0% used [0x0000000797b00000,0x0000000797b00000,0x0000000798000000)
 ParOldGen       total 87552K, used 8K [0x0000000740000000, 0x0000000745580000, 0x0000000795580000)
  object space 87552K, 0% used [0x0000000740000000,0x0000000740002000,0x0000000745580000)
 Metaspace       used 10027K, capacity 10185K, committed 10240K, reserved 1058816K
  class space    used 946K, capacity 1017K, committed 1024K, reserved 1048576K

Card table byte_map: [0x0000000103000000,0x0000000103401000] byte_map_base: 0x00000000ff600000

Marking Bits: (ParMarkBitMap*) 0x00000001024f1ea0
 Begin Bits: [0x00000001155e4000, 0x00000001175e4000)
 End Bits:   [0x00000001175e4000, 0x00000001195e4000)

Polling page: 0x00000001013a0000

CodeCache: size=245760Kb used=5114Kb max_used=5147Kb free=240645Kb
 bounds [0x00000001065e4000, 0x0000000106b04000, 0x00000001155e4000]
 total_blobs=1601 nmethods=1128 adapters=395
 compilation: enabled

Compilation events (10 events):
Event: 88.028 Thread 0x00007fef2f894000 nmethod 1123 0x0000000106aca0d0 code [0x0000000106aca240, 0x0000000106aca510]
Event: 88.044 Thread 0x00007fef2f892800 1124       4       com.badlogic.gdx.backends.lwjgl.LwjglInput::toLwjglButton (48 bytes)
Event: 88.045 Thread 0x00007fef2f892800 nmethod 1124 0x0000000106acd210 code [0x0000000106acd360, 0x0000000106acd3f8]
Event: 88.105 Thread 0x00007fef2f893000 nmethod 1122% 0x0000000106ad4210 code [0x0000000106ad45e0, 0x0000000106adabc0]
Event: 88.944 Thread 0x00007fef2f892800 1126       4       com.badlogic.gdx.backends.lwjgl.LwjglGL20::glVertexAttribPointer (314 bytes)
Event: 88.958 Thread 0x00007fef2f892800 nmethod 1126 0x0000000106acf6d0 code [0x0000000106acf900, 0x0000000106ad07d8]
Event: 89.178 Thread 0x00007fef2f893000 1127       4       com.badlogic.gdx.graphics.glutils.IndexArray::getNumIndices (19 bytes)
Event: 89.179 Thread 0x00007fef2f893000 nmethod 1127 0x0000000106acdf10 code [0x0000000106ace060, 0x0000000106ace118]
Event: 89.244 Thread 0x00007fef2f892800 1128 %     4       com.badlogic.gdx.graphics.g2d.GlyphLayout::setText @ 363 (1053 bytes)
Event: 89.360 Thread 0x00007fef2f892800 nmethod 1128% 0x0000000106ae7690 code [0x0000000106ae7a80, 0x0000000106aef400]

GC Heap History (2 events):
Event: 1.192 GC heap before
{Heap before GC invocations=1 (full 0):
 PSYoungGen      total 38400K, used 33280K [0x0000000795580000, 0x0000000798000000, 0x00000007c0000000)
  eden space 33280K, 100% used [0x0000000795580000,0x0000000797600000,0x0000000797600000)
  from space 5120K, 0% used [0x0000000797b00000,0x0000000797b00000,0x0000000798000000)
  to   space 5120K, 0% used [0x0000000797600000,0x0000000797600000,0x0000000797b00000)
 ParOldGen       total 87552K, used 0K [0x0000000740000000, 0x0000000745580000, 0x0000000795580000)
  object space 87552K, 0% used [0x0000000740000000,0x0000000740000000,0x0000000745580000)
 Metaspace       used 8986K, capacity 9129K, committed 9472K, reserved 1058816K
  class space    used 875K, capacity 921K, committed 1024K, reserved 1048576K
Event: 1.196 GC heap after
Heap after GC invocations=1 (full 0):
 PSYoungGen      total 38400K, used 2851K [0x0000000795580000, 0x0000000798000000, 0x00000007c0000000)
  eden space 33280K, 0% used [0x0000000795580000,0x0000000795580000,0x0000000797600000)
  from space 5120K, 55% used [0x0000000797600000,0x00000007978c8c88,0x0000000797b00000)
  to   space 5120K, 0% used [0x0000000797b00000,0x0000000797b00000,0x0000000798000000)
 ParOldGen       total 87552K, used 8K [0x0000000740000000, 0x0000000745580000, 0x0000000795580000)
  object space 87552K, 0% used [0x0000000740000000,0x0000000740002000,0x0000000745580000)
 Metaspace       used 8986K, capacity 9129K, committed 9472K, reserved 1058816K
  class space    used 875K, capacity 921K, committed 1024K, reserved 1048576K
}

Deoptimization events (7 events):
Event: 0.547 Thread 0x00007fef30004800 Uncommon trap: reason=unstable_if action=reinterpret pc=0x0000000106766400 method=org.eclipse.jdt.launching.internal.org.objectweb.asm.ClassReader.readUTF(II[C)Ljava/lang/String; @ 41
Event: 0.548 Thread 0x00007fef30004800 Uncommon trap: reason=unstable_if action=reinterpret pc=0x000000010676cb08 method=org.eclipse.jdt.launching.internal.org.objectweb.asm.ByteVector.putUTF8(Ljava/lang/String;)Lorg/eclipse/jdt/launching/internal/org/objectweb/asm/ByteVector; @ 98
Event: 0.548 Thread 0x00007fef30004800 Uncommon trap: reason=unstable_if action=reinterpret pc=0x000000010676f77c method=org.eclipse.jdt.launching.internal.org.objectweb.asm.ClassReader.readUTF(II[C)Ljava/lang/String; @ 41
Event: 1.225 Thread 0x00007fef2eb63800 Uncommon trap: reason=unstable_if action=reinterpret pc=0x0000000106837f78 method=java.lang.String.replace(CC)Ljava/lang/String; @ 26
Event: 1.262 Thread 0x00007fef2eb63800 Uncommon trap: reason=unstable_if action=reinterpret pc=0x0000000106944278 method=sun.net.www.ParseUtil.encodePath(Ljava/lang/String;Z)Ljava/lang/String; @ 109
Event: 5.392 Thread 0x00007fef2eb63800 Uncommon trap: reason=unstable_if action=reinterpret pc=0x0000000106a0b128 method=com.transcendence.game.TranscendenceGame.render()V @ 150
Event: 5.424 Thread 0x00007fef2eb63800 Uncommon trap: reason=unstable_if action=reinterpret pc=0x0000000106990398 method=com.transcendence.game.TranscendenceGame.render()V @ 150

Internal exceptions (10 events):
Event: 0.609 Thread 0x00007fef30004800 Exception <a 'java/lang/NoSuchFieldError': method resolution failed> (0x00000007963f4818) thrown at [/Users/java_re/workspace/8-2-build-macosx-x86_64/jdk8u131/8869/hotspot/src/share/vm/prims/methodHandles.cpp, line 1146]
Event: 0.613 Thread 0x00007fef30004800 Exception <a 'java/lang/NoSuchFieldError': method resolution failed> (0x00000007964027a8) thrown at [/Users/java_re/workspace/8-2-build-macosx-x86_64/jdk8u131/8869/hotspot/src/share/vm/prims/methodHandles.cpp, line 1146]
Event: 0.796 Thread 0x00007fef30004800 Exception <a 'java/io/FileNotFoundException'> (0x00000007964a3d08) thrown at [/Users/java_re/workspace/8-2-build-macosx-x86_64/jdk8u131/8869/hotspot/src/share/vm/prims/jni.cpp, line 709]
Event: 0.796 Thread 0x00007fef30004800 Exception <a 'java/io/FileNotFoundException'> (0x00000007964a48d0) thrown at [/Users/java_re/workspace/8-2-build-macosx-x86_64/jdk8u131/8869/hotspot/src/share/vm/prims/jni.cpp, line 709]
Event: 0.813 Thread 0x00007fef30004800 Exception <a 'java/security/PrivilegedActionException'> (0x00000007964f77f0) thrown at [/Users/java_re/workspace/8-2-build-macosx-x86_64/jdk8u131/8869/hotspot/src/share/vm/prims/jvm.cpp, line 1390]
Event: 0.813 Thread 0x00007fef30004800 Exception <a 'java/security/PrivilegedActionException'> (0x00000007964f9398) thrown at [/Users/java_re/workspace/8-2-build-macosx-x86_64/jdk8u131/8869/hotspot/src/share/vm/prims/jvm.cpp, line 1390]
Event: 0.813 Thread 0x00007fef30004800 Exception <a 'java/security/PrivilegedActionException'> (0x00000007964fa4b8) thrown at [/Users/java_re/workspace/8-2-build-macosx-x86_64/jdk8u131/8869/hotspot/src/share/vm/prims/jvm.cpp, line 1390]
Event: 0.814 Thread 0x00007fef30004800 Exception <a 'java/security/PrivilegedActionException'> (0x00000007964ff9b0) thrown at [/Users/java_re/workspace/8-2-build-macosx-x86_64/jdk8u131/8869/hotspot/src/share/vm/prims/jvm.cpp, line 1390]
Event: 0.814 Thread 0x00007fef30004800 Exception <a 'java/security/PrivilegedActionException'> (0x0000000796500608) thrown at [/Users/java_re/workspace/8-2-build-macosx-x86_64/jdk8u131/8869/hotspot/src/share/vm/prims/jvm.cpp, line 1390]
Event: 0.814 Thread 0x00007fef30004800 Exception <a 'java/security/PrivilegedActionException'> (0x0000000796501230) thrown at [/Users/java_re/workspace/8-2-build-macosx-x86_64/jdk8u131/8869/hotspot/src/share/vm/prims/jvm.cpp, line 1390]

Events (10 events):
Event: 175.374 Thread 0x00007fef39809800 Thread exited: 0x00007fef39809800
Event: 177.630 Thread 0x00007fef2e80c800 Thread exited: 0x00007fef2e80c800
Event: 177.631 loading class sun/misc/Signal$1
Event: 177.631 loading class sun/misc/Signal$1 done
Event: 177.631 Thread 0x00007fef3a0a3800 Thread added: 0x00007fef3a0a3800
Event: 177.631 loading class java/util/IdentityHashMap$KeySet
Event: 177.631 loading class java/util/IdentityHashMap$KeySet done
Event: 177.632 loading class java/util/IdentityHashMap$KeyIterator
Event: 177.632 loading class java/util/IdentityHashMap$KeyIterator done
Event: 177.632 Thread 0x00007fef39809800 Thread added: 0x00007fef39809800


Dynamic libraries:
0x000000002eaea000 	/System/Library/Frameworks/Cocoa.framework/Versions/A/Cocoa
0x000000002eaea000 	/System/Library/Frameworks/Security.framework/Versions/A/Security
0x000000002eaea000 	/System/Library/Frameworks/ApplicationServices.framework/Versions/A/ApplicationServices
0x000000002eaea000 	/usr/lib/libz.1.dylib
0x000000002eaea000 	/usr/lib/libSystem.B.dylib
0x000000002eaea000 	/usr/lib/libobjc.A.dylib
0x000000002eaea000 	/System/Library/Frameworks/CoreFoundation.framework/Versions/A/CoreFoundation
0x000000002eaea000 	/System/Library/Frameworks/Foundation.framework/Versions/C/Foundation
0x000000002eaea000 	/System/Library/Frameworks/AppKit.framework/Versions/C/AppKit
0x000000002eaea000 	/System/Library/Frameworks/CoreData.framework/Versions/A/CoreData
0x000000002eaea000 	/System/Library/PrivateFrameworks/RemoteViewServices.framework/Versions/A/RemoteViewServices
0x000000002eaea000 	/System/Library/PrivateFrameworks/UIFoundation.framework/Versions/A/UIFoundation
0x000000002eaea000 	/System/Library/PrivateFrameworks/DFRFoundation.framework/Versions/A/DFRFoundation
0x000000002eaea000 	/System/Library/Frameworks/Metal.framework/Versions/A/Metal
0x000000002eaea000 	/System/Library/PrivateFrameworks/DesktopServicesPriv.framework/Versions/A/DesktopServicesPriv
0x000000002eaea000 	/usr/lib/libenergytrace.dylib
0x000000002eaea000 	/System/Library/PrivateFrameworks/SkyLight.framework/Versions/A/SkyLight
0x000000002eaea000 	/System/Library/Frameworks/CoreGraphics.framework/Versions/A/CoreGraphics
0x000000002eaea000 	/usr/lib/libScreenReader.dylib
0x000000002eaea000 	/System/Library/Frameworks/Accelerate.framework/Versions/A/Accelerate
0x000000002eaea000 	/System/Library/Frameworks/IOSurface.framework/Versions/A/IOSurface
0x000000002eaea000 	/System/Library/Frameworks/AudioToolbox.framework/Versions/A/AudioToolbox
0x000000002eaea000 	/System/Library/Frameworks/AudioUnit.framework/Versions/A/AudioUnit
0x000000002eaea000 	/System/Library/PrivateFrameworks/DataDetectorsCore.framework/Versions/A/DataDetectorsCore
0x000000002eaea000 	/System/Library/Frameworks/Carbon.framework/Versions/A/Frameworks/HIToolbox.framework/Versions/A/HIToolbox
0x000000002eaea000 	/usr/lib/libicucore.A.dylib
0x000000002eaea000 	/System/Library/Frameworks/QuartzCore.framework/Versions/A/QuartzCore
0x000000002eaea000 	/System/Library/PrivateFrameworks/SignpostNotification.framework/Versions/A/SignpostNotification
0x000000002eaea000 	/System/Library/Frameworks/Carbon.framework/Versions/A/Frameworks/SpeechRecognition.framework/Versions/A/SpeechRecognition
0x000000002eaea000 	/usr/lib/libauto.dylib
0x000000002eaea000 	/usr/lib/libxml2.2.dylib
0x000000002eaea000 	/System/Library/PrivateFrameworks/CoreUI.framework/Versions/A/CoreUI
0x000000002eaea000 	/System/Library/Frameworks/CoreAudio.framework/Versions/A/CoreAudio
0x000000002eaea000 	/System/Library/Frameworks/DiskArbitration.framework/Versions/A/DiskArbitration
0x000000002eaea000 	/usr/lib/liblangid.dylib
0x000000002eaea000 	/System/Library/PrivateFrameworks/MultitouchSupport.framework/Versions/A/MultitouchSupport
0x000000002eaea000 	/System/Library/Frameworks/IOKit.framework/Versions/A/IOKit
0x000000002eaea000 	/usr/lib/libDiagnosticMessagesClient.dylib
0x000000002eaea000 	/System/Library/Frameworks/CoreServices.framework/Versions/A/CoreServices
0x000000002eaea000 	/System/Library/PrivateFrameworks/PerformanceAnalysis.framework/Versions/A/PerformanceAnalysis
0x000000002eaea000 	/System/Library/Frameworks/OpenGL.framework/Versions/A/OpenGL
0x000000002eaea000 	/System/Library/Frameworks/ColorSync.framework/Versions/A/ColorSync
0x000000002eaea000 	/System/Library/Frameworks/CoreImage.framework/Versions/A/CoreImage
0x000000002eaea000 	/System/Library/Frameworks/CoreText.framework/Versions/A/CoreText
0x000000002eaea000 	/System/Library/Frameworks/ImageIO.framework/Versions/A/ImageIO
0x000000002eaea000 	/System/Library/PrivateFrameworks/Backup.framework/Versions/A/Backup
0x000000002eaea000 	/usr/lib/libarchive.2.dylib
0x000000002eaea000 	/System/Library/Frameworks/CFNetwork.framework/Versions/A/CFNetwork
0x000000002eaea000 	/System/Library/Frameworks/SystemConfiguration.framework/Versions/A/SystemConfiguration
0x000000002eaea000 	/usr/lib/libCRFSuite.dylib
0x000000002eaea000 	/usr/lib/libc++.1.dylib
0x000000002eaea000 	/usr/lib/libc++abi.dylib
0x000000002eaea000 	/usr/lib/system/libcache.dylib
0x000000002eaea000 	/usr/lib/system/libcommonCrypto.dylib
0x000000002eaea000 	/usr/lib/system/libcompiler_rt.dylib
0x000000002eaea000 	/usr/lib/system/libcopyfile.dylib
0x000000002eaea000 	/usr/lib/system/libcorecrypto.dylib
0x000000002eaea000 	/usr/lib/system/libdispatch.dylib
0x000000002eaea000 	/usr/lib/system/libdyld.dylib
0x000000002eaea000 	/usr/lib/system/libkeymgr.dylib
0x000000002eaea000 	/usr/lib/system/liblaunch.dylib
0x000000002eaea000 	/usr/lib/system/libmacho.dylib
0x000000002eaea000 	/usr/lib/system/libquarantine.dylib
0x000000002eaea000 	/usr/lib/system/libremovefile.dylib
0x000000002eaea000 	/usr/lib/system/libsystem_asl.dylib
0x000000002eaea000 	/usr/lib/system/libsystem_blocks.dylib
0x000000002eaea000 	/usr/lib/system/libsystem_c.dylib
0x000000002eaea000 	/usr/lib/system/libsystem_configuration.dylib
0x000000002eaea000 	/usr/lib/system/libsystem_coreservices.dylib
0x000000002eaea000 	/usr/lib/system/libsystem_darwin.dylib
0x000000002eaea000 	/usr/lib/system/libsystem_dnssd.dylib
0x000000002eaea000 	/usr/lib/system/libsystem_info.dylib
0x000000002eaea000 	/usr/lib/system/libsystem_m.dylib
0x000000002eaea000 	/usr/lib/system/libsystem_malloc.dylib
0x000000002eaea000 	/usr/lib/system/libsystem_network.dylib
0x000000002eaea000 	/usr/lib/system/libsystem_networkextension.dylib
0x000000002eaea000 	/usr/lib/system/libsystem_notify.dylib
0x000000002eaea000 	/usr/lib/system/libsystem_sandbox.dylib
0x000000002eaea000 	/usr/lib/system/libsystem_secinit.dylib
0x000000002eaea000 	/usr/lib/system/libsystem_kernel.dylib
0x000000002eaea000 	/usr/lib/system/libsystem_platform.dylib
0x000000002eaea000 	/usr/lib/system/libsystem_pthread.dylib
0x000000002eaea000 	/usr/lib/system/libsystem_symptoms.dylib
0x000000002eaea000 	/usr/lib/system/libsystem_trace.dylib
0x000000002eaea000 	/usr/lib/system/libunwind.dylib
0x000000002eaea000 	/usr/lib/system/libxpc.dylib
0x000000002eaea000 	/usr/lib/closure/libclosured.dylib
0x000000002eaea000 	/usr/lib/libbsm.0.dylib
0x000000002eaea000 	/usr/lib/system/libkxld.dylib
0x000000002eaea000 	/usr/lib/libOpenScriptingUtil.dylib
0x000000002eaea000 	/usr/lib/libcoretls.dylib
0x000000002eaea000 	/usr/lib/libcoretls_cfhelpers.dylib
0x000000002eaea000 	/usr/lib/libpam.2.dylib
0x000000002eaea000 	/usr/lib/libsqlite3.dylib
0x000000002eaea000 	/usr/lib/libxar.1.dylib
0x000000002eaea000 	/usr/lib/libbz2.1.0.dylib
0x000000002eaea000 	/usr/lib/liblzma.5.dylib
0x000000002eaea000 	/usr/lib/libnetwork.dylib
0x000000002eaea000 	/usr/lib/libapple_nghttp2.dylib
0x000000002eaea000 	/usr/lib/libpcap.A.dylib
0x000000002eaea000 	/usr/lib/libboringssl.dylib
0x000000002eaea000 	/usr/lib/libusrtcp.dylib
0x000000002eaea000 	/usr/lib/libapple_crypto.dylib
0x000000002eaea000 	/System/Library/Frameworks/CoreServices.framework/Versions/A/Frameworks/FSEvents.framework/Versions/A/FSEvents
0x000000002eaea000 	/System/Library/Frameworks/CoreServices.framework/Versions/A/Frameworks/CarbonCore.framework/Versions/A/CarbonCore
0x000000002eaea000 	/System/Library/Frameworks/CoreServices.framework/Versions/A/Frameworks/Metadata.framework/Versions/A/Metadata
0x000000002eaea000 	/System/Library/Frameworks/CoreServices.framework/Versions/A/Frameworks/OSServices.framework/Versions/A/OSServices
0x000000002eaea000 	/System/Library/Frameworks/CoreServices.framework/Versions/A/Frameworks/SearchKit.framework/Versions/A/SearchKit
0x000000002eaea000 	/System/Library/Frameworks/CoreServices.framework/Versions/A/Frameworks/AE.framework/Versions/A/AE
0x000000002eaea000 	/System/Library/Frameworks/CoreServices.framework/Versions/A/Frameworks/LaunchServices.framework/Versions/A/LaunchServices
0x000000002eaea000 	/System/Library/Frameworks/CoreServices.framework/Versions/A/Frameworks/DictionaryServices.framework/Versions/A/DictionaryServices
0x000000002eaea000 	/System/Library/Frameworks/CoreServices.framework/Versions/A/Frameworks/SharedFileList.framework/Versions/A/SharedFileList
0x000000002eaea000 	/System/Library/Frameworks/NetFS.framework/Versions/A/NetFS
0x000000002eaea000 	/System/Library/PrivateFrameworks/NetAuth.framework/Versions/A/NetAuth
0x000000002eaea000 	/System/Library/PrivateFrameworks/login.framework/Versions/A/Frameworks/loginsupport.framework/Versions/A/loginsupport
0x000000002eaea000 	/System/Library/PrivateFrameworks/TCC.framework/Versions/A/TCC
0x000000002eaea000 	/usr/lib/libmecabra.dylib
0x000000002eaea000 	/System/Library/Frameworks/ApplicationServices.framework/Versions/A/Frameworks/ATS.framework/Versions/A/ATS
0x000000002eaea000 	/System/Library/Frameworks/ApplicationServices.framework/Versions/A/Frameworks/ColorSyncLegacy.framework/Versions/A/ColorSyncLegacy
0x000000002eaea000 	/System/Library/Frameworks/ApplicationServices.framework/Versions/A/Frameworks/HIServices.framework/Versions/A/HIServices
0x000000002eaea000 	/System/Library/Frameworks/ApplicationServices.framework/Versions/A/Frameworks/LangAnalysis.framework/Versions/A/LangAnalysis
0x000000002eaea000 	/System/Library/Frameworks/ApplicationServices.framework/Versions/A/Frameworks/PrintCore.framework/Versions/A/PrintCore
0x000000002eaea000 	/System/Library/Frameworks/ApplicationServices.framework/Versions/A/Frameworks/QD.framework/Versions/A/QD
0x000000002eaea000 	/System/Library/Frameworks/ApplicationServices.framework/Versions/A/Frameworks/SpeechSynthesis.framework/Versions/A/SpeechSynthesis
0x000000002eaea000 	/System/Library/Frameworks/CoreDisplay.framework/Versions/A/CoreDisplay
0x000000002eaea000 	/System/Library/Frameworks/Accelerate.framework/Versions/A/Frameworks/vImage.framework/Versions/A/vImage
0x000000002eaea000 	/System/Library/Frameworks/Accelerate.framework/Versions/A/Frameworks/vecLib.framework/Versions/A/vecLib
0x000000002eaea000 	/System/Library/Frameworks/Accelerate.framework/Versions/A/Frameworks/vecLib.framework/Versions/A/libvDSP.dylib
0x000000002eaea000 	/System/Library/Frameworks/Accelerate.framework/Versions/A/Frameworks/vecLib.framework/Versions/A/libBNNS.dylib
0x000000002eaea000 	/System/Library/Frameworks/Accelerate.framework/Versions/A/Frameworks/vecLib.framework/Versions/A/libQuadrature.dylib
0x000000002eaea000 	/System/Library/Frameworks/Accelerate.framework/Versions/A/Frameworks/vecLib.framework/Versions/A/libvMisc.dylib
0x000000002eaea000 	/System/Library/Frameworks/Accelerate.framework/Versions/A/Frameworks/vecLib.framework/Versions/A/libLAPACK.dylib
0x000000002eaea000 	/System/Library/Frameworks/Accelerate.framework/Versions/A/Frameworks/vecLib.framework/Versions/A/libBLAS.dylib
0x000000002eaea000 	/System/Library/Frameworks/Accelerate.framework/Versions/A/Frameworks/vecLib.framework/Versions/A/libLinearAlgebra.dylib
0x000000002eaea000 	/System/Library/Frameworks/Accelerate.framework/Versions/A/Frameworks/vecLib.framework/Versions/A/libSparse.dylib
0x000000002eaea000 	/System/Library/Frameworks/Accelerate.framework/Versions/A/Frameworks/vecLib.framework/Versions/A/libSparseBLAS.dylib
0x000000002eaea000 	/System/Library/PrivateFrameworks/GPUWrangler.framework/Versions/A/GPUWrangler
0x000000002eaea000 	/System/Library/PrivateFrameworks/IOAccelerator.framework/Versions/A/IOAccelerator
0x000000002eaea000 	/System/Library/PrivateFrameworks/IOPresentment.framework/Versions/A/IOPresentment
0x000000002eaea000 	/System/Library/PrivateFrameworks/DSExternalDisplay.framework/Versions/A/DSExternalDisplay
0x000000002eaea000 	/System/Library/Frameworks/OpenGL.framework/Versions/A/Libraries/libCoreFSCache.dylib
0x000000002eaea000 	/System/Library/Frameworks/CoreVideo.framework/Versions/A/CoreVideo
0x000000002eaea000 	/System/Library/PrivateFrameworks/GraphVisualizer.framework/Versions/A/GraphVisualizer
0x000000002eaea000 	/System/Library/Frameworks/MetalPerformanceShaders.framework/Versions/A/MetalPerformanceShaders
0x000000002eaea000 	/usr/lib/libFosl_dynamic.dylib
0x000000002eaea000 	/System/Library/PrivateFrameworks/FaceCore.framework/Versions/A/FaceCore
0x000000002eaea000 	/System/Library/Frameworks/OpenCL.framework/Versions/A/OpenCL
0x000000002eaea000 	/usr/lib/libcompression.dylib
0x000000002eaea000 	/System/Library/Frameworks/ApplicationServices.framework/Versions/A/Frameworks/ATS.framework/Versions/A/Resources/libFontParser.dylib
0x000000002eaea000 	/System/Library/Frameworks/ApplicationServices.framework/Versions/A/Frameworks/ATS.framework/Versions/A/Resources/libFontRegistry.dylib
0x000000002eaea000 	/System/Library/Frameworks/ImageIO.framework/Versions/A/Resources/libJPEG.dylib
0x000000002eaea000 	/System/Library/Frameworks/ImageIO.framework/Versions/A/Resources/libTIFF.dylib
0x000000002eaea000 	/System/Library/Frameworks/ImageIO.framework/Versions/A/Resources/libPng.dylib
0x000000002eaea000 	/System/Library/Frameworks/ImageIO.framework/Versions/A/Resources/libGIF.dylib
0x000000002eaea000 	/System/Library/Frameworks/ImageIO.framework/Versions/A/Resources/libJP2.dylib
0x000000002eaea000 	/System/Library/Frameworks/ImageIO.framework/Versions/A/Resources/libRadiance.dylib
0x000000002eaea000 	/System/Library/PrivateFrameworks/AppleJPEG.framework/Versions/A/AppleJPEG
0x000000002eaea000 	/System/Library/Frameworks/MetalPerformanceShaders.framework/Frameworks/MPSCore.framework/Versions/A/MPSCore
0x000000002eaea000 	/System/Library/Frameworks/MetalPerformanceShaders.framework/Frameworks/MPSImage.framework/Versions/A/MPSImage
0x000000002eaea000 	/System/Library/Frameworks/MetalPerformanceShaders.framework/Frameworks/MPSNeuralNetwork.framework/Versions/A/MPSNeuralNetwork
0x000000002eaea000 	/System/Library/Frameworks/MetalPerformanceShaders.framework/Frameworks/MPSMatrix.framework/Versions/A/MPSMatrix
0x000000002eaea000 	/System/Library/PrivateFrameworks/MetalTools.framework/Versions/A/MetalTools
0x000000002eaea000 	/System/Library/Frameworks/OpenGL.framework/Versions/A/Libraries/libGLU.dylib
0x000000002eaea000 	/System/Library/Frameworks/OpenGL.framework/Versions/A/Libraries/libGFXShared.dylib
0x000000002eaea000 	/System/Library/Frameworks/OpenGL.framework/Versions/A/Libraries/libGL.dylib
0x000000002eaea000 	/System/Library/Frameworks/OpenGL.framework/Versions/A/Libraries/libGLImage.dylib
0x000000002eaea000 	/System/Library/Frameworks/OpenGL.framework/Versions/A/Libraries/libCVMSPluginSupport.dylib
0x000000002eaea000 	/System/Library/Frameworks/OpenGL.framework/Versions/A/Libraries/libCoreVMClient.dylib
0x000000002eaea000 	/usr/lib/libcups.2.dylib
0x000000002eaea000 	/System/Library/Frameworks/Kerberos.framework/Versions/A/Kerberos
0x000000002eaea000 	/System/Library/Frameworks/GSS.framework/Versions/A/GSS
0x000000002eaea000 	/usr/lib/libresolv.9.dylib
0x000000002eaea000 	/usr/lib/libiconv.2.dylib
0x000000002eaea000 	/System/Library/PrivateFrameworks/Heimdal.framework/Versions/A/Heimdal
0x000000002eaea000 	/usr/lib/libheimdal-asn1.dylib
0x000000002eaea000 	/System/Library/Frameworks/OpenDirectory.framework/Versions/A/OpenDirectory
0x000000002eaea000 	/System/Library/PrivateFrameworks/CommonAuth.framework/Versions/A/CommonAuth
0x000000002eaea000 	/System/Library/Frameworks/OpenDirectory.framework/Versions/A/Frameworks/CFOpenDirectory.framework/Versions/A/CFOpenDirectory
0x000000002eaea000 	/System/Library/Frameworks/SecurityFoundation.framework/Versions/A/SecurityFoundation
0x000000002eaea000 	/System/Library/PrivateFrameworks/APFS.framework/Versions/A/APFS
0x000000002eaea000 	/usr/lib/libutil.dylib
0x000000002eaea000 	/System/Library/PrivateFrameworks/AppleSauce.framework/Versions/A/AppleSauce
0x000000002eaea000 	/System/Library/PrivateFrameworks/LinguisticData.framework/Versions/A/LinguisticData
0x000000002eaea000 	/usr/lib/libmarisa.dylib
0x000000002eaea000 	/System/Library/PrivateFrameworks/Lexicon.framework/Versions/A/Lexicon
0x000000002eaea000 	/usr/lib/libChineseTokenizer.dylib
0x000000002eaea000 	/usr/lib/libcmph.dylib
0x000000002eaea000 	/System/Library/PrivateFrameworks/LanguageModeling.framework/Versions/A/LanguageModeling
0x000000002eaea000 	/System/Library/PrivateFrameworks/CoreEmoji.framework/Versions/A/CoreEmoji
0x000000002eaea000 	/System/Library/Frameworks/ServiceManagement.framework/Versions/A/ServiceManagement
0x000000002eaea000 	/System/Library/PrivateFrameworks/BackgroundTaskManagement.framework/Versions/A/BackgroundTaskManagement
0x000000002eaea000 	/usr/lib/libxslt.1.dylib
0x000000002eaea000 	/System/Library/Frameworks/Carbon.framework/Versions/A/Frameworks/Ink.framework/Versions/A/Ink
0x000000002eaea000 	/System/Library/PrivateFrameworks/TextureIO.framework/Versions/A/TextureIO
0x000000002eaea000 	/usr/lib/libate.dylib
0x000000002eaea000 	/System/Library/PrivateFrameworks/CrashReporterSupport.framework/Versions/A/CrashReporterSupport
0x000000002eaea000 	/System/Library/PrivateFrameworks/Sharing.framework/Versions/A/Sharing
0x000000002eaea000 	/System/Library/PrivateFrameworks/IconServices.framework/Versions/A/IconServices
0x000000002eaea000 	/System/Library/PrivateFrameworks/Apple80211.framework/Versions/A/Apple80211
0x000000002eaea000 	/System/Library/PrivateFrameworks/CoreUtils.framework/Versions/A/CoreUtils
0x000000002eaea000 	/System/Library/Frameworks/CoreWLAN.framework/Versions/A/CoreWLAN
0x000000002eaea000 	/System/Library/Frameworks/IOBluetooth.framework/Versions/A/IOBluetooth
0x000000002eaea000 	/System/Library/PrivateFrameworks/ProtocolBuffer.framework/Versions/A/ProtocolBuffer
0x000000002eaea000 	/System/Library/PrivateFrameworks/CoreWiFi.framework/Versions/A/CoreWiFi
0x000000002eaea000 	/System/Library/Frameworks/CoreBluetooth.framework/Versions/A/CoreBluetooth
0x000000002eaea000 	/System/Library/PrivateFrameworks/DebugSymbols.framework/Versions/A/DebugSymbols
0x000000002eaea000 	/System/Library/PrivateFrameworks/CoreSymbolication.framework/Versions/A/CoreSymbolication
0x000000002eaea000 	/System/Library/PrivateFrameworks/Symbolication.framework/Versions/A/Symbolication
0x000000002eaea000 	/System/Library/PrivateFrameworks/AppleFSCompression.framework/Versions/A/AppleFSCompression
0x000000002eaea000 	/System/Library/PrivateFrameworks/SpeechRecognitionCore.framework/Versions/A/SpeechRecognitionCore
0x0000000101c00000 	/Library/Java/JavaVirtualMachines/jdk1.8.0_131.jdk/Contents/Home/jre/lib/server/libjvm.dylib
0x000000002eaea000 	/usr/lib/libstdc++.6.0.9.dylib
0x000000010135d000 	/Library/Java/JavaVirtualMachines/jdk1.8.0_131.jdk/Contents/Home/jre/lib/libverify.dylib
0x000000010136b000 	/Library/Java/JavaVirtualMachines/jdk1.8.0_131.jdk/Contents/Home/jre/lib/libjava.dylib
0x00000001013a1000 	/Library/Java/JavaVirtualMachines/jdk1.8.0_131.jdk/Contents/Home/jre/lib/libjdwp.dylib
0x00000001013ec000 	/Library/Java/JavaVirtualMachines/jdk1.8.0_131.jdk/Contents/Home/jre/lib/libnpt.dylib
0x0000000102ba3000 	/Library/Java/JavaVirtualMachines/jdk1.8.0_131.jdk/Contents/Home/jre/lib/libinstrument.dylib
0x0000000102c37000 	/Library/Java/JavaVirtualMachines/jdk1.8.0_131.jdk/Contents/Home/jre/lib/libzip.dylib
0x000000002eaea000 	/System/Library/Frameworks/JavaVM.framework/Versions/A/Frameworks/JavaRuntimeSupport.framework/Versions/A/JavaRuntimeSupport
0x000000002eaea000 	/System/Library/Frameworks/JavaVM.framework/Versions/A/Frameworks/JavaNativeFoundation.framework/Versions/A/JavaNativeFoundation
0x000000002eaea000 	/System/Library/Frameworks/JavaVM.framework/Versions/A/JavaVM
0x000000002eaea000 	/System/Library/Frameworks/Carbon.framework/Versions/A/Carbon
0x000000002eaea000 	/System/Library/PrivateFrameworks/JavaLaunching.framework/Versions/A/JavaLaunching
0x000000002eaea000 	/System/Library/Frameworks/Carbon.framework/Versions/A/Frameworks/CommonPanels.framework/Versions/A/CommonPanels
0x000000002eaea000 	/System/Library/Frameworks/Carbon.framework/Versions/A/Frameworks/Help.framework/Versions/A/Help
0x000000002eaea000 	/System/Library/Frameworks/Carbon.framework/Versions/A/Frameworks/ImageCapture.framework/Versions/A/ImageCapture
0x000000002eaea000 	/System/Library/Frameworks/Carbon.framework/Versions/A/Frameworks/OpenScripting.framework/Versions/A/OpenScripting
0x000000002eaea000 	/System/Library/Frameworks/Carbon.framework/Versions/A/Frameworks/Print.framework/Versions/A/Print
0x000000002eaea000 	/System/Library/Frameworks/Carbon.framework/Versions/A/Frameworks/SecurityHI.framework/Versions/A/SecurityHI
0x00000001055b9000 	/Library/Java/JavaVirtualMachines/jdk1.8.0_131.jdk/Contents/Home/jre/lib/libdt_socket.dylib
0x0000000105825000 	/private/var/folders/wk/rnyjmv31119fs36ppjt4rztnkb2qt6/T/libgdxhomero.figueiredo/25a8e9fb/libgdx64.dylib
0x000000010586b000 	/Library/Java/JavaVirtualMachines/jdk1.8.0_131.jdk/Contents/Home/jre/lib/libawt.dylib
0x0000000105913000 	/Library/Java/JavaVirtualMachines/jdk1.8.0_131.jdk/Contents/Home/jre/lib/./libmlib_image.dylib
0x00000001059df000 	/Library/Java/JavaVirtualMachines/jdk1.8.0_131.jdk/Contents/Home/jre/lib/libawt_lwawt.dylib
0x0000000105a96000 	/Library/Java/JavaVirtualMachines/jdk1.8.0_131.jdk/Contents/Home/jre/lib/./libosxapp.dylib
0x000000002eaea000 	/System/Library/Frameworks/ExceptionHandling.framework/Versions/A/ExceptionHandling
0x000000002eaea000 	/System/Library/PrivateFrameworks/CoreServicesInternal.framework/Versions/A/CoreServicesInternal
0x000000002eaea000 	/System/Library/CoreServices/RawCamera.bundle/Contents/MacOS/RawCamera
0x000000002eaea000 	/System/Library/PrivateFrameworks/MobileAsset.framework/Versions/A/MobileAsset
0x000000002eaea000 	/System/Library/PrivateFrameworks/StreamingZip.framework/Versions/A/StreamingZip
0x000000002eaea000 	/System/Library/Frameworks/MediaToolbox.framework/Versions/A/MediaToolbox
0x000000002eaea000 	/System/Library/PrivateFrameworks/CoreAVCHD.framework/Versions/A/CoreAVCHD
0x000000002eaea000 	/System/Library/Frameworks/MediaAccessibility.framework/Versions/A/MediaAccessibility
0x000000002eaea000 	/System/Library/PrivateFrameworks/Mangrove.framework/Versions/A/Mangrove
0x000000002eaea000 	/System/Library/Frameworks/CoreMedia.framework/Versions/A/CoreMedia
0x000000002eaea000 	/System/Library/Frameworks/VideoToolbox.framework/Versions/A/VideoToolbox
0x000000002eaea000 	/System/Library/PrivateFrameworks/CoreAUC.framework/Versions/A/CoreAUC
0x000000002eaea000 	/usr/lib/libspindump.dylib
0x000000002eaea000 	/System/Library/PrivateFrameworks/AppleVA.framework/Versions/A/AppleVA
0x000000002eaea000 	/System/Library/Frameworks/Accelerate.framework/Versions/A/Frameworks/vImage.framework/Versions/A/Libraries/libCGInterfaces.dylib
0x000000002eaea000 	/System/Library/Frameworks/ApplicationServices.framework/Versions/A/Frameworks/ATS.framework/Versions/A/Resources/libTrueTypeScaler.dylib
0x000000002eaea000 	/System/Library/Extensions/AppleIntelKBLGraphicsMTLDriver.bundle/Contents/MacOS/AppleIntelKBLGraphicsMTLDriver
0x000000002eaea000 	/System/Library/PrivateFrameworks/GPUCompiler.framework/Versions/3802/Libraries/libmetal_timestamp.dylib
0x000000002eaea000 	/System/Library/PrivateFrameworks/FamilyControls.framework/Versions/A/FamilyControls
0x000000002eaea000 	/System/Library/PrivateFrameworks/CommerceKit.framework/Versions/A/Frameworks/CommerceCore.framework/Versions/A/CommerceCore
0x000000002eaea000 	/System/Library/PrivateFrameworks/SystemAdministration.framework/Versions/A/SystemAdministration
0x000000002eaea000 	/System/Library/PrivateFrameworks/AppContainer.framework/Versions/A/AppContainer
0x000000002eaea000 	/System/Library/PrivateFrameworks/SecCodeWrapper.framework/Versions/A/SecCodeWrapper
0x000000002eaea000 	/System/Library/PrivateFrameworks/DiskManagement.framework/Versions/A/DiskManagement
0x000000002eaea000 	/System/Library/Frameworks/DirectoryService.framework/Versions/A/DirectoryService
0x000000002eaea000 	/System/Library/PrivateFrameworks/DiskImages.framework/Versions/A/DiskImages
0x000000002eaea000 	/System/Library/PrivateFrameworks/LoginUIKit.framework/Versions/A/Frameworks/LoginUICore.framework/Versions/A/LoginUICore
0x000000002eaea000 	/usr/lib/libCoreStorage.dylib
0x000000002eaea000 	/usr/lib/libcsfde.dylib
0x000000002eaea000 	/usr/lib/libodfde.dylib
0x000000002eaea000 	/System/Library/PrivateFrameworks/MediaKit.framework/Versions/A/MediaKit
0x000000002eaea000 	/System/Library/Frameworks/DiscRecording.framework/Versions/A/DiscRecording
0x000000002eaea000 	/System/Library/PrivateFrameworks/EFILogin.framework/Versions/A/EFILogin
0x000000002eaea000 	/System/Library/PrivateFrameworks/ProtectedCloudStorage.framework/Versions/A/ProtectedCloudStorage
0x000000002eaea000 	/usr/lib/libcurl.4.dylib
0x000000002eaea000 	/usr/lib/libcrypto.35.dylib
0x000000002eaea000 	/usr/lib/libssl.35.dylib
0x000000002eaea000 	/System/Library/Frameworks/LDAP.framework/Versions/A/LDAP
0x000000002eaea000 	/System/Library/PrivateFrameworks/TrustEvaluationAgent.framework/Versions/A/TrustEvaluationAgent
0x000000002eaea000 	/usr/lib/libsasl2.2.dylib
0x000000002eaea000 	/System/Library/PrivateFrameworks/CoreDaemon.framework/Versions/B/CoreDaemon
0x000000002eaea000 	/System/Library/PrivateFrameworks/AppleSRP.framework/Versions/A/AppleSRP
0x000000011ca01000 	/Library/Java/JavaVirtualMachines/jdk1.8.0_131.jdk/Contents/Home/jre/lib/libfontmanager.dylib
0x000000011ca68000 	/private/var/folders/wk/rnyjmv31119fs36ppjt4rztnkb2qt6/T/libgdxhomero.figueiredo/f7649394/liblwjgl.dylib
0x00000001064f5000 	/Library/Java/JavaVirtualMachines/jdk1.8.0_131.jdk/Contents/Home/jre/lib/libjawt.dylib
0x000000011caea000 	/var/folders/wk/rnyjmv31119fs36ppjt4rztnkb2qt6/T/libgdxhomero.figueiredo/f7649394/openal.dylib
0x000000011cb59000 	/System/Library/Components/CoreAudio.component/Contents/MacOS/CoreAudio
0x000000011c646000 	/System/Library/Extensions/AppleHDA.kext/Contents/PlugIns/AppleHDAHALPlugIn.bundle/Contents/MacOS/AppleHDAHALPlugIn
0x000000002eaea000 	/System/Library/Frameworks/OpenGL.framework/Versions/A/Resources/GLEngine.bundle/GLEngine
0x000000002eaea000 	/System/Library/Frameworks/OpenGL.framework/Versions/A/Libraries/libGLProgrammability.dylib
0x000000011d035000 	/System/Library/Extensions/AppleIntelKBLGraphicsGLDriver.bundle/Contents/MacOS/AppleIntelKBLGraphicsGLDriver
0x000000002eaea000 	/System/Library/PrivateFrameworks/GPUSupport.framework/Versions/A/Libraries/libGPUSupportMercury.dylib
0x000000002eaea000 	/System/Library/Frameworks/OpenGL.framework/Versions/A/Resources/GLRendererFloat.bundle/GLRendererFloat
0x000000002eaea000 	/System/Library/Frameworks/OpenCL.framework/Versions/A/Libraries/libcldcpuengine.dylib
0x000000002eaea000 	/System/Library/PrivateFrameworks/ViewBridge.framework/Versions/A/ViewBridge
0x000000002eaea000 	/System/Library/PrivateFrameworks/login.framework/Versions/A/login

VM Arguments:
jvm_args: -agentlib:jdwp=transport=dt_socket,suspend=y,address=localhost:51290 -javaagent:/Users/homero.figueiredo/eclipse/java-photon/Eclipse.app/Contents/Eclipse/configuration/org.eclipse.osgi/231/0/.cp/lib/javaagent-shaded.jar -Dfile.encoding=UTF-8 
java_command: com.transcendence.game.desktop.DesktopLauncher
java_class_path (initial): /Library/Java/JavaVirtualMachines/jdk1.8.0_131.jdk/Contents/Home/jre/lib/resources.jar:/Library/Java/JavaVirtualMachines/jdk1.8.0_131.jdk/Contents/Home/jre/lib/rt.jar:/Library/Java/JavaVirtualMachines/jdk1.8.0_131.jdk/Contents/Home/jre/lib/jsse.jar:/Library/Java/JavaVirtualMachines/jdk1.8.0_131.jdk/Contents/Home/jre/lib/jce.jar:/Library/Java/JavaVirtualMachines/jdk1.8.0_131.jdk/Contents/Home/jre/lib/charsets.jar:/Library/Java/JavaVirtualMachines/jdk1.8.0_131.jdk/Contents/Home/jre/lib/jfr.jar:/Library/Java/JavaVirtualMachines/jdk1.8.0_131.jdk/Contents/Home/jre/lib/ext/sunec.jar:/Library/Java/JavaVirtualMachines/jdk1.8.0_131.jdk/Contents/Home/jre/lib/ext/nashorn.jar:/Library/Java/JavaVirtualMachines/jdk1.8.0_131.jdk/Contents/Home/jre/lib/ext/cldrdata.jar:/Library/Java/JavaVirtualMachines/jdk1.8.0_131.jdk/Contents/Home/jre/lib/ext/jfxrt.jar:/Library/Java/JavaVirtualMachines/jdk1.8.0_131.jdk/Contents/Home/jre/lib/ext/dnsns.jar:/Library/Java/JavaVirtualMachines/jdk1.8.0_131.jdk/Contents/Home/jre/lib/ext/localedata.jar:/Library/Java/JavaVirtualMachines/jdk1.8.0_131.jdk/Contents/Home/jre/lib/ext/sunjce_provider.jar:/Library/Java/JavaVirtualMachines/jdk1.8.0_131.jdk/Contents/Home/jre/lib/ext/sunpkcs11.jar:/Library/Java/JavaVirtualMachines/jdk1.8.0_131.jdk/Contents/Home/jre/lib/ext/jaccess.jar:/Library/Java/JavaVirtualMachines/jdk1.8.0_131.jdk/Contents/Home/jre/lib/ext/zipfs.jar:/System/Library/Java/Extensions/MRJToolkit.jar:/Users/homero.figueiredo/Desktop/test/desktop/bin/main:/Users/homero.figueiredo/Desktop/test/desktop/bin/default:/transcendence-core/bin/default:/Users/homero.figueiredo/Desktop/test/core/bin/main:/Users/homero.figueiredo/.gradle/caches/modules-2/files-2.1/com.badlogicgames.gdx/gdx-tools/1.9.8/5c32820fccee957cc77990d353297ceed1a63159/gdx-tools-1.9.8.jar:/Users/homero.figueiredo/.gradle/caches/modules-2/files-2.1/com.badlogicgames.gdx/gdx-backend-lwjgl/1.9.8/b7c138f14ed67ad830ae7597da3d86ae02b20eee/gdx-backend-lwjgl-1.9.8.jar:
Launcher Type: SUN_STANDARD

Environment Variables:
PATH=/usr/bin:/bin:/usr/sbin:/sbin
SHELL=/bin/bash

Signal Handlers:
SIGSEGV: [libjvm.dylib+0x5b1eb1], sa_mask[0]=11111111011111110111111111111111, sa_flags=SA_ONSTACK|SA_RESTART|SA_SIGINFO
SIGBUS: [libjvm.dylib+0x5b1eb1], sa_mask[0]=11111111011111110111111111111111, sa_flags=SA_RESTART|SA_SIGINFO
SIGFPE: [libjvm.dylib+0x488988], sa_mask[0]=11111111011111110111111111111111, sa_flags=SA_RESTART|SA_SIGINFO
SIGPIPE: [libjvm.dylib+0x488988], sa_mask[0]=11111111011111110111111111111111, sa_flags=SA_RESTART|SA_SIGINFO
SIGXFSZ: [libjvm.dylib+0x488988], sa_mask[0]=11111111011111110111111111111111, sa_flags=SA_RESTART|SA_SIGINFO
SIGILL: [libjvm.dylib+0x488988], sa_mask[0]=11111111011111110111111111111111, sa_flags=SA_RESTART|SA_SIGINFO
SIGUSR1: SIG_DFL, sa_mask[0]=00000000000000000000000000000000, sa_flags=none
SIGUSR2: [libjvm.dylib+0x4884a6], sa_mask[0]=00100000000000000000000000000000, sa_flags=SA_RESTART|SA_SIGINFO
SIGHUP: [libjvm.dylib+0x486a7d], sa_mask[0]=11111111011111110111111111111111, sa_flags=SA_RESTART|SA_SIGINFO
SIGINT: [libjvm.dylib+0x486a7d], sa_mask[0]=11111111011111110111111111111111, sa_flags=SA_RESTART|SA_SIGINFO
SIGTERM: [libjvm.dylib+0x486a7d], sa_mask[0]=11111111011111110111111111111111, sa_flags=SA_RESTART|SA_SIGINFO
SIGQUIT: [libjvm.dylib+0x486a7d], sa_mask[0]=11111111011111110111111111111111, sa_flags=SA_RESTART|SA_SIGINFO


---------------  S Y S T E M  ---------------

OS:Bsduname:Darwin 17.6.0 Darwin Kernel Version 17.6.0: Tue May  8 15:22:16 PDT 2018; root:xnu-4570.61.1~1/RELEASE_X86_64 x86_64
rlimit: STACK 8192k, CORE 0k, NPROC 709, NOFILE 10240, AS infinity
load average:2.34 2.15 2.08

CPU:total 4 (initial active 4) (2 cores per cpu, 2 threads per core) family 6 model 142 stepping 9, cmov, cx8, fxsr, mmx, sse, sse2, sse3, ssse3, sse4.1, sse4.2, popcnt, avx, avx2, aes, clmul, erms, rtm, 3dnowpref, lzcnt, ht, tsc, tscinvbit, bmi1, bmi2, adx

Memory: 4k page, physical 8388608k(31352k free)

/proc/meminfo:


vm_info: Java HotSpot(TM) 64-Bit Server VM (25.131-b11) for bsd-amd64 JRE (1.8.0_131-b11), built on Mar 15 2017 01:32:22 by "java_re" with gcc 4.2.1 (Based on Apple Inc. build 5658) (LLVM build 2336.11.00)

time: Fri Jul  6 15:47:59 2018
elapsed time: 177 seconds (0d 0h 2m 57s)

